[debug] [2026-04-12T00:19:19.934Z] ----------------------------------------------------------------------
[debug] [2026-04-12T00:19:19.939Z] Command:       C:\Program Files\nodejs\node.exe C:\Users\sajja\AppData\Roaming\npm\node_modules\firebase-tools\lib\bin\firebase.js init
[debug] [2026-04-12T00:19:19.939Z] CLI Version:   15.14.0
[debug] [2026-04-12T00:19:19.940Z] Platform:      win32
[debug] [2026-04-12T00:19:19.941Z] Node Version:  v24.14.1
[debug] [2026-04-12T00:19:19.941Z] Time:          Sun Apr 12 2026 10:19:19 GMT+1000 (Australian Eastern Standard Time)
[debug] [2026-04-12T00:19:19.941Z] ----------------------------------------------------------------------
[debug] 
[info] 
     ######## #### ########  ######## ########     ###     ######  ########
     ##        ##  ##     ## ##       ##     ##  ##   ##  ##       ##
     ######    ##  ########  ######   ########  #########  ######  ######
     ##        ##  ##    ##  ##       ##     ## ##     ##       ## ##
     ##       #### ##     ## ######## ########  ##     ##  ######  ########

You're about to initialize a Firebase project in this directory:

  C:\Users\sajja\OneDrive - SIZA Family\1. Professional\AI Apps\Healthcare App\SIZA Health App

[info] 
=== Project Setup
[info] 
[info] First, let's associate this project directory with a Firebase project.
[info] You can create multiple project aliases by running firebase use --add, 
[info] 
[debug] [2026-04-12T00:22:45.557Z] > command requires scopes: ["email","openid","https://www.googleapis.com/auth/cloudplatformprojects.readonly","https://www.googleapis.com/auth/firebase","https://www.googleapis.com/auth/cloud-platform"]
[debug] [2026-04-12T00:22:45.558Z] > authorizing via signed-in user (sajjadzaheer@gmail.com)
[debug] [2026-04-12T00:22:45.561Z] Checked if tokens are valid: true, expires at: 1775956579823
[debug] [2026-04-12T00:22:45.561Z] Checked if tokens are valid: true, expires at: 1775956579823
[debug] [2026-04-12T00:22:45.565Z] >>> [apiv2][query] GET https://firebase.googleapis.com/v1beta1/projects pageSize=100
[debug] [2026-04-12T00:22:46.538Z] <<< [apiv2][status] GET https://firebase.googleapis.com/v1beta1/projects 200
[debug] [2026-04-12T00:22:46.538Z] <<< [apiv2][body] GET https://firebase.googleapis.com/v1beta1/projects [omitted]
[info] 
=== Hosting Setup
[debug] [2026-04-12T00:22:54.936Z] Checked if tokens are valid: true, expires at: 1775956579823
[debug] [2026-04-12T00:22:54.936Z] Checked if tokens are valid: true, expires at: 1775956579823
[debug] [2026-04-12T00:22:54.937Z] >>> [apiv2][query] GET https://firebase.googleapis.com/v1beta1/projects/siza-health-tracker [none]
[debug] [2026-04-12T00:22:55.754Z] <<< [apiv2][status] GET https://firebase.googleapis.com/v1beta1/projects/siza-health-tracker 200
[debug] [2026-04-12T00:22:55.755Z] <<< [apiv2][body] GET https://firebase.googleapis.com/v1beta1/projects/siza-health-tracker {"projectId":"siza-health-tracker","projectNumber":"127120551209","displayName":"SIZA-Health-Tracker","name":"projects/siza-health-tracker","resources":{"hostingSite":"siza-health-tracker"},"state":"ACTIVE","etag":"1_b55db0d0-e721-4c51-9b63-6ce99be658b2"}
[info] 
[info] Your public directory is the folder (relative to your project directory) that
[info] will contain Hosting assets to be uploaded with firebase deploy. If you
[info] have a build process for your assets, use your build's output directory.
[info] 
[info] 
[info] i  Didn't detect a .git folder. Assuming C:\Users\sajja\OneDrive - SIZA Family\1. Professional\AI Apps\Healthcare App\SIZA Health App is the project root. 
[info] i  Authorizing with GitHub to upload your service account to a GitHub repository's secrets store. 
[info] 
[info] Visit this URL on this device to log in:
[info] https://github.com/login/oauth/authorize?client_id=89cf50f02ac6aaed3484&state=34489576&redirect_uri=http%3A%2F%2Flocalhost%3A9005&scope=read%3Auser%20repo%20public_repo
[info] 
[info] Waiting for authentication...
[debug] [2026-04-12T00:24:50.363Z] >>> [apiv2][query] POST https://github.com/login/oauth/access_token [none]
[debug] [2026-04-12T00:24:50.364Z] >>> [apiv2][body] POST https://github.com/login/oauth/access_token [stream]
[debug] [2026-04-12T00:24:50.726Z] <<< [apiv2][status] POST https://github.com/login/oauth/access_token 200
[debug] [2026-04-12T00:24:50.727Z] <<< [apiv2][body] POST https://github.com/login/oauth/access_token {"access_token":"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","token_type":"bearer","scope":"read:user,repo"}
[debug] [2026-04-12T00:24:50.744Z] >>> [apiv2][query] GET https://api.github.com/user [none]
[debug] [2026-04-12T00:24:51.123Z] <<< [apiv2][status] GET https://api.github.com/user 200
[debug] [2026-04-12T00:24:51.124Z] <<< [apiv2][body] GET https://api.github.com/user {"login":"SAJ0786","id":268523535,"node_id":"U_kgDOEAFYDw","avatar_url":"https://avatars.githubusercontent.com/u/268523535?v=4","gravatar_id":"","url":"https://api.github.com/users/SAJ0786","html_url":"https://github.com/SAJ0786","followers_url":"https://api.github.com/users/SAJ0786/followers","following_url":"https://api.github.com/users/SAJ0786/following{/other_user}","gists_url":"https://api.github.com/users/SAJ0786/gists{/gist_id}","starred_url":"https://api.github.com/users/SAJ0786/starred{/owner}{/repo}","subscriptions_url":"https://api.github.com/users/SAJ0786/subscriptions","organizations_url":"https://api.github.com/users/SAJ0786/orgs","repos_url":"https://api.github.com/users/SAJ0786/repos","events_url":"https://api.github.com/users/SAJ0786/events{/privacy}","received_events_url":"https://api.github.com/users/SAJ0786/received_events","type":"User","user_view_type":"private","site_admin":false,"name":null,"company":null,"blog":"","location":null,"email":null,"hireable":null,"bio":null,"twitter_username":null,"notification_email":null,"public_repos":3,"public_gists":0,"followers":0,"following":0,"created_at":"2026-03-16T05:58:45Z","updated_at":"2026-04-10T06:54:03Z","private_gists":0,"total_private_repos":0,"owned_private_repos":0,"disk_usage":4237,"collaborators":0,"two_factor_authentication":false,"plan":{"name":"free","space":976562499,"collaborators":0,"private_repos":10000}}
[info] 
[info] +  Success! Logged into GitHub as SAJ0786 
[info] 
